# JRE version: Java(TM) SE Runtime Environment (8.0_241-b07) (build 1.8.0_241-b07)
# Java VM: Java HotSpot(TM) 64-Bit Server VM (25.241-b07 mixed mode windows-amd64 compressed oops)
Heap:
 PSYoungGen      total 153088K, used 42863K [0x00000000f5580000, 0x0000000100000000, 0x0000000100000000)
  eden space 140800K, 21% used [0x00000000f5580000,0x00000000f73632c0,0x00000000fdf00000)
  from space 12288K, 99% used [0x00000000ff300000,0x00000000ffef8a48,0x00000000fff00000)
  to   space 16896K, 0% used [0x00000000fdf00000,0x00000000fdf00000,0x00000000fef80000)
 ParOldGen       total 175104K, used 28118K [0x00000000e0000000, 0x00000000eab00000, 0x00000000f5580000)
  object space 175104K, 16% used [0x00000000e0000000,0x00000000e1b758a8,0x00000000eab00000)
 Metaspace       used 57281K, capacity 58874K, committed 59160K, reserved 1099776K
  class space    used 7458K, capacity 7914K, committed 7976K, reserved 1048576K
GC Heap History (10 events):
Event: 125.534 GC heap before
{Heap before GC invocations=14 (full 2):
 PSYoungGen      total 161280K, used 154549K [0x00000000f5580000, 0x0000000100000000, 0x0000000100000000)
  eden space 147968K, 100% used [0x00000000f5580000,0x00000000fe600000,0x00000000fe600000)
  from space 13312K, 49% used [0x00000000fe600000,0x00000000fec6d5c8,0x00000000ff300000)
  to   space 13312K, 0% used [0x00000000ff300000,0x00000000ff300000,0x0000000100000000)
 ParOldGen       total 175104K, used 18146K [0x00000000e0000000, 0x00000000eab00000, 0x00000000f5580000)
  object space 175104K, 10% used [0x00000000e0000000,0x00000000e11b8ae8,0x00000000eab00000)
 Metaspace       used 45606K, capacity 46442K, committed 46760K, reserved 1089536K
  class space    used 5950K, capacity 6217K, committed 6312K, reserved 1048576K
Event: 125.544 GC heap after
Heap after GC invocations=14 (full 2):
 PSYoungGen      total 153600K, used 8762K [0x00000000f5580000, 0x00000000ffc00000, 0x0000000100000000)
  eden space 144384K, 0% used [0x00000000f5580000,0x00000000f5580000,0x00000000fe280000)
  from space 9216K, 95% used [0x00000000ff300000,0x00000000ffb8e840,0x00000000ffc00000)
  to   space 12800K, 0% used [0x00000000fe300000,0x00000000fe300000,0x00000000fef80000)
 ParOldGen       total 175104K, used 18154K [0x00000000e0000000, 0x00000000eab00000, 0x00000000f5580000)
  object space 175104K, 10% used [0x00000000e0000000,0x00000000e11baae8,0x00000000eab00000)
 Metaspace       used 45606K, capacity 46442K, committed 46760K, reserved 1089536K
  class space    used 5950K, capacity 6217K, committed 6312K, reserved 1048576K
}
Event: 126.960 GC heap before
{Heap before GC invocations=15 (full 2):
 PSYoungGen      total 153600K, used 153146K [0x00000000f5580000, 0x00000000ffc00000, 0x0000000100000000)
  eden space 144384K, 100% used [0x00000000f5580000,0x00000000fe280000,0x00000000fe280000)
  from space 9216K, 95% used [0x00000000ff300000,0x00000000ffb8e840,0x00000000ffc00000)
  to   space 12800K, 0% used [0x00000000fe300000,0x00000000fe300000,0x00000000fef80000)
 ParOldGen       total 175104K, used 18154K [0x00000000e0000000, 0x00000000eab00000, 0x00000000f5580000)
  object space 175104K, 10% used [0x00000000e0000000,0x00000000e11baae8,0x00000000eab00000)
 Metaspace       used 45624K, capacity 46506K, committed 46760K, reserved 1089536K
  class space    used 5950K, capacity 6217K, committed 6312K, reserved 1048576K
Event: 126.968 GC heap after
Heap after GC invocations=15 (full 2):
 PSYoungGen      total 147968K, used 6678K [0x00000000f5580000, 0x00000000ff800000, 0x0000000100000000)
  eden space 140800K, 0% used [0x00000000f5580000,0x00000000f5580000,0x00000000fdf00000)
  from space 7168K, 93% used [0x00000000fe300000,0x00000000fe985a28,0x00000000fea00000)
  to   space 12800K, 0% used [0x00000000feb80000,0x00000000feb80000,0x00000000ff800000)
 ParOldGen       total 175104K, used 18162K [0x00000000e0000000, 0x00000000eab00000, 0x00000000f5580000)
  object space 175104K, 10% used [0x00000000e0000000,0x00000000e11bcae8,0x00000000eab00000)
 Metaspace       used 45624K, capacity 46506K, committed 46760K, reserved 1089536K
  class space    used 5950K, capacity 6217K, committed 6312K, reserved 1048576K
}
Event: 128.248 GC heap before
{Heap before GC invocations=16 (full 2):
 PSYoungGen      total 147968K, used 147478K [0x00000000f5580000, 0x00000000ff800000, 0x0000000100000000)
  eden space 140800K, 100% used [0x00000000f5580000,0x00000000fdf00000,0x00000000fdf00000)
  from space 7168K, 93% used [0x00000000fe300000,0x00000000fe985a28,0x00000000fea00000)
  to   space 12800K, 0% used [0x00000000feb80000,0x00000000feb80000,0x00000000ff800000)
 ParOldGen       total 175104K, used 18162K [0x00000000e0000000, 0x00000000eab00000, 0x00000000f5580000)
  object space 175104K, 10% used [0x00000000e0000000,0x00000000e11bcae8,0x00000000eab00000)
 Metaspace       used 45625K, capacity 46506K, committed 46760K, reserved 1089536K
  class space    used 5950K, capacity 6217K, committed 6312K, reserved 1048576K
Event: 128.260 GC heap after
Heap after GC invocations=16 (full 2):
 PSYoungGen      total 153600K, used 9229K [0x00000000f5580000, 0x0000000100000000, 0x0000000100000000)
  eden space 140800K, 0% used [0x00000000f5580000,0x00000000f5580000,0x00000000fdf00000)
  from space 12800K, 72% used [0x00000000feb80000,0x00000000ff4835e0,0x00000000ff800000)
  to   space 12800K, 0% used [0x00000000fdf00000,0x00000000fdf00000,0x00000000feb80000)
 ParOldGen       total 175104K, used 18162K [0x00000000e0000000, 0x00000000eab00000, 0x00000000f5580000)
  object space 175104K, 10% used [0x00000000e0000000,0x00000000e11bcae8,0x00000000eab00000)
 Metaspace       used 45625K, capacity 46506K, committed 46760K, reserved 1089536K
  class space    used 5950K, capacity 6217K, committed 6312K, reserved 1048576K
}
Event: 130.217 GC heap before
{Heap before GC invocations=17 (full 2):
 PSYoungGen      total 153600K, used 150029K [0x00000000f5580000, 0x0000000100000000, 0x0000000100000000)
  eden space 140800K, 100% used [0x00000000f5580000,0x00000000fdf00000,0x00000000fdf00000)
  from space 12800K, 72% used [0x00000000feb80000,0x00000000ff4835e0,0x00000000ff800000)
  to   space 12800K, 0% used [0x00000000fdf00000,0x00000000fdf00000,0x00000000feb80000)
 ParOldGen       total 175104K, used 18162K [0x00000000e0000000, 0x00000000eab00000, 0x00000000f5580000)
  object space 175104K, 10% used [0x00000000e0000000,0x00000000e11bcae8,0x00000000eab00000)
 Metaspace       used 46278K, capacity 47396K, committed 47656K, reserved 1091584K
  class space    used 6026K, capacity 6383K, committed 6440K, reserved 1048576K
Event: 130.231 GC heap after
Heap after GC invocations=17 (full 2):
 PSYoungGen      total 153600K, used 8129K [0x00000000f5580000, 0x00000000fff00000, 0x0000000100000000)
  eden space 140800K, 0% used [0x00000000f5580000,0x00000000f5580000,0x00000000fdf00000)
  from space 12800K, 63% used [0x00000000fdf00000,0x00000000fe6f0580,0x00000000feb80000)
  to   space 12288K, 0% used [0x00000000ff300000,0x00000000ff300000,0x00000000fff00000)
 ParOldGen       total 175104K, used 18162K [0x00000000e0000000, 0x00000000eab00000, 0x00000000f5580000)
  object space 175104K, 10% used [0x00000000e0000000,0x00000000e11bcae8,0x00000000eab00000)
 Metaspace       used 46278K, capacity 47396K, committed 47656K, reserved 1091584K
  class space    used 6026K, capacity 6383K, committed 6440K, reserved 1048576K
}
Event: 133.577 GC heap before
{Heap before GC invocations=18 (full 2):
 PSYoungGen      total 153600K, used 148929K [0x00000000f5580000, 0x00000000fff00000, 0x0000000100000000)
  eden space 140800K, 100% used [0x00000000f5580000,0x00000000fdf00000,0x00000000fdf00000)
  from space 12800K, 63% used [0x00000000fdf00000,0x00000000fe6f0580,0x00000000feb80000)
  to   space 12288K, 0% used [0x00000000ff300000,0x00000000ff300000,0x00000000fff00000)
 ParOldGen       total 175104K, used 18162K [0x00000000e0000000, 0x00000000eab00000, 0x00000000f5580000)
  object space 175104K, 10% used [0x00000000e0000000,0x00000000e11bcae8,0x00000000eab00000)
 Metaspace       used 56588K, capacity 58136K, committed 58280K, reserved 1099776K
  class space    used 7338K, capacity 7762K, committed 7848K, reserved 1048576K
Event: 133.614 GC heap after
Heap after GC invocations=18 (full 2):
 PSYoungGen      total 153088K, used 12258K [0x00000000f5580000, 0x0000000100000000, 0x0000000100000000)
  eden space 140800K, 0% used [0x00000000f5580000,0x00000000f5580000,0x00000000fdf00000)
  from space 12288K, 99% used [0x00000000ff300000,0x00000000ffef8a48,0x00000000fff00000)
  to   space 16896K, 0% used [0x00000000fdf00000,0x00000000fdf00000,0x00000000fef80000)
 ParOldGen       total 175104K, used 28118K [0x00000000e0000000, 0x00000000eab00000, 0x00000000f5580000)
  object space 175104K, 16% used [0x00000000e0000000,0x00000000e1b758a8,0x00000000eab00000)
 Metaspace       used 56588K, capacity 58136K, committed 58280K, reserved 1099776K
  class space    used 7338K, capacity 7762K, committed 7848K, reserved 1048576K
}

